=============================================================================================== test session starts ================================================================================================
platform win32 -- Python 3.9.10, pytest-6.2.2, py-1.11.0, pluggy-0.13.1 -- C:\Users\avpre\anaconda3\envs\mlflow-7398531e5288219e428182dc4d6601ae57991d39\python.exe
cachedir: .pytest_cache
rootdir: C:\Users\avpre\Documents\Trainings\mldevops\nd0821-c2-build-model-workflow-exercises\lesson-3-data-validation\exercises\exercise_9\starter
collecting ... collecting 1 item                                                                                                                                                                                                   collected 1 item                                                                                                                                                                                                    

test_data.py::test_kolmogorov_smirnov FAILED

===================================================================================================== FAILURES =====================================================================================================
_____________________________________________________________________________________________ test_kolmogorov_smirnov ______________________________________________________________________________________________

data = (       Unnamed: 0  Unnamed: 0.1  danceability  ...                                          song_name                ... NaN                            Lost Lands 2019                            Lost Lands 2019 

[12593 rows x 20 columns])
ks_alpha = 0.9

    def test_kolmogorov_smirnov(data, ks_alpha):
    
        sample1, sample2 = data
    
        columns = [
            "danceability",
            "energy",
            "loudness",
            "speechiness",
            "acousticness",
            "instrumentalness",
            "liveness",
            "valence",
            "tempo",
            "duration_ms"
        ]
    
        # Bonferroni correction for multiple hypothesis testing
        # (see my blog post on this topic to see where this comes from:
        # https://towardsdatascience.com/precision-and-recall-trade-off-and-multiple-hypothesis-testing-family-wise-error-rate-vs-false-71a85057ca2b)
        alpha_prime = 1 - (1 - ks_alpha)**(1 / len(columns))
    
        for col in columns:
    
            ts, p_value = scipy.stats.ks_2samp(sample1[col], sample2[col])
    
            # NOTE: as always, the p-value should be interpreted as the probability of
            # obtaining a test statistic (TS) equal or more extreme that the one we got
            # by chance, when the null hypothesis is true. If this probability is not
            # large enough, this dataset should be looked at carefully, hence we fail
>           assert p_value > alpha_prime
E           assert 0.1910608811990394 > 0.2056717652757185

test_data.py:36: AssertionError
================================================================================================= warnings summary =================================================================================================
..\..\..\..\..\..\..\..\anaconda3\envs\mlflow-7398531e5288219e428182dc4d6601ae57991d39\lib\site-packages\wandb\vendor\watchdog\utils\bricks.py:175
  C:\Users\avpre\anaconda3\envs\mlflow-7398531e5288219e428182dc4d6601ae57991d39\lib\site-packages\wandb\vendor\watchdog\utils\bricks.py:175: DeprecationWarning: Using or importing the ABCs from 'collections' instead of from 'collections.abc' is deprecated since Python 3.3, and in 3.10 it will stop working
    class OrderedSet(collections.MutableSet):

-- Docs: https://docs.pytest.org/en/stable/warnings.html
============================================================================================= short test summary info ==============================================================================================
FAILED test_data.py::test_kolmogorov_smirnov - assert 0.1910608811990394 > 0.2056717652757185
=========================================================================================== 1 failed, 1 warning in 7.40s ===========================================================================================
